Arguments: 
  C:\Program Files\nodejs\node.exe C:\Users\Bdtaskltd\AppData\Roaming\npm\node_modules\yarn\bin\yarn.js add --dev hardhat-contract-sizer

PATH: 
  C:\Python310\Scripts\;C:\Python310\;C:\Windows\system32;C:\Windows;C:\Windows\System32\Wbem;C:\Windows\System32\WindowsPowerShell\v1.0\;C:\Windows\System32\OpenSSH\;C:\Program Files\nodejs\;C:\ProgramData\chocolatey\bin;C:\Program Files\Git\cmd;C:\Program Files\Geth;C:\Program Files (x86)\dotnet\;C:\ProgramData\ComposerSetup\bin;C:\php-8.1.6;D:\php-7.4.29;C:\Program Files\PuTTY\;C:\Users\Bdtaskltd\AppData\Local\Microsoft\WindowsApps;C:\Users\Bdtaskltd\AppData\Local\Programs\Microsoft VS Code\bin;C:\Users\Bdtaskltd\AppData\Roaming\npm;C:\Users\Bdtaskltd\AppData\Local\atom\bin;C:\Users\Bdtaskltd\AppData\Roaming\Composer\vendor\bin

Yarn version: 
  1.22.18

Node version: 
  16.14.2

Platform: 
  win32 x64

Trace: 
  Error: EPERM: operation not permitted, unlink 'C:\Users\Bdtaskltd\Documents\ArafatProjects\nftmarketMAH\node_modules\secp256k1\prebuilds\win32-x64\node.napi.node'

npm manifest: 
  {
    "name": "nftmarketmah",
    "version": "1.0.0",
    "description": "",
    "main": "index.js",
    "scripts": {
      "test": "echo \"Error: no test specified\" && exit 1"
    },
    "keywords": [],
    "author": "",
    "license": "ISC",
    "devDependencies": {
      "@nomiclabs/hardhat-ethers": "^2.0.5",
      "@nomiclabs/hardhat-etherscan": "^3.1.0",
      "@nomiclabs/hardhat-waffle": "^2.0.3",
      "@nomiclabs/hardhat-web3": "^2.0.0",
      "chai": "^4.3.6",
      "ethereum-waffle": "^3.4.4",
      "ethers": "^5.6.4",
      "hardhat": "^2.9.3",
      "web3": "^1.7.3"
    },
    "dependencies": {
      "@openzeppelin/contracts": "^4.5.0"
    }
  }

yarn manifest: 
  No manifest

Lockfile: 
  No lockfile
